# JRE version: 7.0_17-b02
# Java VM: Java HotSpot(TM) Client VM (23.7-b01 mixed mode windows-x86 )
Heap
 def new generation   total 8384K, used 3044K [0x04330000, 0x04c40000, 0x19880000)
  eden space 7488K,  40% used [0x04330000, 0x046292e8, 0x04a80000)
  from space 896K,   0% used [0x04a80000, 0x04a80000, 0x04b60000)
  to   space 896K,   0% used [0x04b60000, 0x04b60000, 0x04c40000)
 tenured generation   total 18456K, used 11071K [0x19880000, 0x1aa86000, 0x44330000)
   the space 18456K,  59% used [0x19880000, 0x1a34fff8, 0x1a350000, 0x1aa86000)
 compacting perm gen  total 13056K, used 12887K [0x44330000, 0x44ff0000, 0x48330000)
   the space 13056K,  98% used [0x44330000, 0x44fc5f98, 0x44fc6000, 0x44ff0000)
GC Heap History (10 events):
Event: 1.678 GC heap before
{Heap before GC invocations=4 (full 0):
 def new generation   total 4928K, used 4927K [0x04330000, 0x04880000, 0x19880000)
  eden space 4416K, 100% used [0x04330000, 0x04780000, 0x04780000)
  from space 512K,  99% used [0x04780000, 0x047ffff8, 0x04800000)
  to   space 512K,   0% used [0x04800000, 0x04800000, 0x04880000)
 tenured generation   total 10944K, used 3889K [0x19880000, 0x1a330000, 0x44330000)
   the space 10944K,  35% used [0x19880000, 0x19c4c400, 0x19c4c400, 0x1a330000)
 compacting perm gen  total 12288K, used 10765K [0x44330000, 0x44f30000, 0x48330000)
   the space 12288K,  87% used [0x44330000, 0x44db37a8, 0x44db3800, 0x44f30000)
No shared spaces configured.
Event: 1.683 GC heap after
Heap after GC invocations=5 (full 0):
 def new generation   total 4992K, used 0K [0x04330000, 0x04890000, 0x19880000)
  eden space 4480K,   0% used [0x04330000, 0x04330000, 0x04790000)
  from space 512K,   0% used [0x04790000, 0x04790000, 0x04810000)
  to   space 512K,   0% used [0x04810000, 0x04810000, 0x04890000)
 tenured generation   total 10944K, used 8625K [0x19880000, 0x1a330000, 0x44330000)
   the space 10944K,  78% used [0x19880000, 0x1a0ec5b0, 0x1a0ec600, 0x1a330000)
 compacting perm gen  total 12288K, used 10765K [0x44330000, 0x44f30000, 0x48330000)
   the space 12288K,  87% used [0x44330000, 0x44db37a8, 0x44db3800, 0x44f30000)
No shared spaces configured.
}
Event: 1.717 GC heap before
{Heap before GC invocations=5 (full 0):
 def new generation   total 4992K, used 4480K [0x04330000, 0x04890000, 0x19880000)
  eden space 4480K, 100% used [0x04330000, 0x04790000, 0x04790000)
  from space 512K,   0% used [0x04790000, 0x04790000, 0x04810000)
  to   space 512K,   0% used [0x04810000, 0x04810000, 0x04890000)
 tenured generation   total 10944K, used 8625K [0x19880000, 0x1a330000, 0x44330000)
   the space 10944K,  78% used [0x19880000, 0x1a0ec5b0, 0x1a0ec600, 0x1a330000)
 compacting perm gen  total 12288K, used 10841K [0x44330000, 0x44f30000, 0x48330000)
   the space 12288K,  88% used [0x44330000, 0x44dc64c8, 0x44dc6600, 0x44f30000)
No shared spaces configured.
Event: 1.719 GC heap after
Heap after GC invocations=6 (full 0):
 def new generation   total 4992K, used 40K [0x04330000, 0x04890000, 0x19880000)
  eden space 4480K,   0% used [0x04330000, 0x04330000, 0x04790000)
  from space 512K,   7% used [0x04810000, 0x0481a218, 0x04890000)
  to   space 512K,   0% used [0x04790000, 0x04790000, 0x04810000)
 tenured generation   total 10944K, used 8625K [0x19880000, 0x1a330000, 0x44330000)
   the space 10944K,  78% used [0x19880000, 0x1a0ec5b0, 0x1a0ec600, 0x1a330000)
 compacting perm gen  total 12288K, used 10841K [0x44330000, 0x44f30000, 0x48330000)
   the space 12288K,  88% used [0x44330000, 0x44dc64c8, 0x44dc6600, 0x44f30000)
No shared spaces configured.
}
Event: 1.858 GC heap before
{Heap before GC invocations=6 (full 0):
 def new generation   total 4992K, used 4520K [0x04330000, 0x04890000, 0x19880000)
  eden space 4480K, 100% used [0x04330000, 0x04790000, 0x04790000)
  from space 512K,   7% used [0x04810000, 0x0481a218, 0x04890000)
  to   space 512K,   0% used [0x04790000, 0x04790000, 0x04810000)
 tenured generation   total 10944K, used 8625K [0x19880000, 0x1a330000, 0x44330000)
   the space 10944K,  78% used [0x19880000, 0x1a0ec5b0, 0x1a0ec600, 0x1a330000)
 compacting perm gen  total 12288K, used 11393K [0x44330000, 0x44f30000, 0x48330000)
   the space 12288K,  92% used [0x44330000, 0x44e504c0, 0x44e50600, 0x44f30000)
No shared spaces configured.
Event: 1.861 GC heap after
Heap after GC invocations=7 (full 0):
 def new generation   total 4992K, used 512K [0x04330000, 0x04890000, 0x19880000)
  eden space 4480K,   0% used [0x04330000, 0x04330000, 0x04790000)
  from space 512K, 100% used [0x04790000, 0x04810000, 0x04810000)
  to   space 512K,   0% used [0x04810000, 0x04810000, 0x04890000)
 tenured generation   total 10944K, used 8897K [0x19880000, 0x1a330000, 0x44330000)
   the space 10944K,  81% used [0x19880000, 0x1a1307f8, 0x1a130800, 0x1a330000)
 compacting perm gen  total 12288K, used 11393K [0x44330000, 0x44f30000, 0x48330000)
   the space 12288K,  92% used [0x44330000, 0x44e504c0, 0x44e50600, 0x44f30000)
No shared spaces configured.
}
Event: 4.046 GC heap before
{Heap before GC invocations=7 (full 0):
 def new generation   total 4992K, used 4992K [0x04330000, 0x04890000, 0x19880000)
  eden space 4480K, 100% used [0x04330000, 0x04790000, 0x04790000)
  from space 512K, 100% used [0x04790000, 0x04810000, 0x04810000)
  to   space 512K,   0% used [0x04810000, 0x04810000, 0x04890000)
 tenured generation   total 10944K, used 8897K [0x19880000, 0x1a330000, 0x44330000)
   the space 10944K,  81% used [0x19880000, 0x1a1307f8, 0x1a130800, 0x1a330000)
 compacting perm gen  total 12288K, used 12041K [0x44330000, 0x44f30000, 0x48330000)
   the space 12288K,  97% used [0x44330000, 0x44ef26a8, 0x44ef2800, 0x44f30000)
No shared spaces configured.
Event: 4.058 GC heap after
Heap after GC invocations=8 (full 0):
 def new generation   total 4992K, used 512K [0x04330000, 0x04890000, 0x19880000)
  eden space 4480K,   0% used [0x04330000, 0x04330000, 0x04790000)
  from space 512K, 100% used [0x04810000, 0x04890000, 0x04890000)
  to   space 512K,   0% used [0x04790000, 0x04790000, 0x04810000)
 tenured generation   total 10944K, used 9713K [0x19880000, 0x1a330000, 0x44330000)
   the space 10944K,  88% used [0x19880000, 0x1a1fc730, 0x1a1fc800, 0x1a330000)
 compacting perm gen  total 12288K, used 12041K [0x44330000, 0x44f30000, 0x48330000)
   the space 12288K,  97% used [0x44330000, 0x44ef26a8, 0x44ef2800, 0x44f30000)
No shared spaces configured.
}
Event: 6.117 GC heap before
{Heap before GC invocations=8 (full 0):
 def new generation   total 4992K, used 4992K [0x04330000, 0x04890000, 0x19880000)
  eden space 4480K, 100% used [0x04330000, 0x04790000, 0x04790000)
  from space 512K, 100% used [0x04810000, 0x04890000, 0x04890000)
  to   space 512K,   0% used [0x04790000, 0x04790000, 0x04810000)
 tenured generation   total 10944K, used 9713K [0x19880000, 0x1a330000, 0x44330000)
   the space 10944K,  88% used [0x19880000, 0x1a1fc730, 0x1a1fc800, 0x1a330000)
 compacting perm gen  total 12800K, used 12656K [0x44330000, 0x44fb0000, 0x48330000)
   the space 12800K,  98% used [0x44330000, 0x44f8c3a8, 0x44f8c400, 0x44fb0000)
No shared spaces configured.
Event: 6.173 GC heap after
Heap after GC invocations=9 (full 1):
 def new generation   total 8384K, used 160K [0x04330000, 0x04c40000, 0x19880000)
  eden space 7488K,   2% used [0x04330000, 0x04358008, 0x04a80000)
  from space 896K,   0% used [0x04a80000, 0x04a80000, 0x04b60000)
  to   space 896K,   0% used [0x04b60000, 0x04b60000, 0x04c40000)
 tenured generation   total 18456K, used 11071K [0x19880000, 0x1aa86000, 0x44330000)
   the space 18456K,  59% used [0x19880000, 0x1a34fff8, 0x1a350000, 0x1aa86000)
 compacting perm gen  total 12800K, used 12656K [0x44330000, 0x44fb0000, 0x48330000)
   the space 12800K,  98% used [0x44330000, 0x44f8c3a8, 0x44f8c400, 0x44fb0000)
No shared spaces configured.
}

